TN:
SF:src\index.ts
FN:31,(anonymous_0)
FN:220,(anonymous_1)
FN:243,(anonymous_2)
FN:279,(anonymous_3)
FN:429,main
FN:435,(anonymous_5)
FNF:6
FNH:0
FNDA:0,(anonymous_0)
FNDA:0,(anonymous_1)
FNDA:0,(anonymous_2)
FNDA:0,(anonymous_3)
FNDA:0,main
FNDA:0,(anonymous_5)
DA:18,0
DA:31,0
DA:32,0
DA:220,0
DA:221,0
DA:223,0
DA:224,0
DA:225,0
DA:235,0
DA:236,0
DA:239,0
DA:242,0
DA:244,0
DA:247,0
DA:257,0
DA:258,0
DA:260,0
DA:261,0
DA:265,0
DA:267,0
DA:268,0
DA:272,0
DA:273,0
DA:280,0
DA:284,0
DA:294,0
DA:295,0
DA:296,0
DA:297,0
DA:298,0
DA:300,0
DA:301,0
DA:304,0
DA:311,0
DA:321,0
DA:322,0
DA:323,0
DA:324,0
DA:326,0
DA:327,0
DA:332,0
DA:333,0
DA:334,0
DA:335,0
DA:336,0
DA:337,0
DA:339,0
DA:340,0
DA:343,0
DA:350,0
DA:355,0
DA:356,0
DA:357,0
DA:358,0
DA:360,0
DA:361,0
DA:364,0
DA:369,0
DA:374,0
DA:375,0
DA:376,0
DA:377,0
DA:378,0
DA:380,0
DA:381,0
DA:384,0
DA:390,0
DA:395,0
DA:396,0
DA:397,0
DA:398,0
DA:400,0
DA:401,0
DA:404,0
DA:409,0
DA:414,0
DA:416,0
DA:430,0
DA:431,0
DA:432,0
DA:435,0
DA:436,0
DA:437,0
LF:83
LH:0
BRDA:224,0,0,0
BRDA:224,0,1,0
BRDA:235,1,0,0
BRDA:235,1,1,0
BRDA:236,2,0,0
BRDA:236,2,1,0
BRDA:257,3,0,0
BRDA:257,3,1,0
BRDA:260,4,0,0
BRDA:260,4,1,0
BRDA:267,5,0,0
BRDA:267,5,1,0
BRDA:268,6,0,0
BRDA:268,6,1,0
BRDA:277,7,0,0
BRDA:277,7,1,0
BRDA:281,8,0,0
BRDA:281,8,1,0
BRDA:294,9,0,0
BRDA:294,9,1,0
BRDA:300,10,0,0
BRDA:300,10,1,0
BRDA:300,11,0,0
BRDA:300,11,1,0
BRDA:300,11,2,0
BRDA:321,12,0,0
BRDA:321,12,1,0
BRDA:323,13,0,0
BRDA:323,13,1,0
BRDA:332,14,0,0
BRDA:332,14,1,0
BRDA:339,15,0,0
BRDA:339,15,1,0
BRDA:339,16,0,0
BRDA:339,16,1,0
BRDA:339,16,2,0
BRDA:339,16,3,0
BRDA:355,17,0,0
BRDA:355,17,1,0
BRDA:360,18,0,0
BRDA:360,18,1,0
BRDA:360,19,0,0
BRDA:360,19,1,0
BRDA:360,19,2,0
BRDA:374,20,0,0
BRDA:374,20,1,0
BRDA:380,21,0,0
BRDA:380,21,1,0
BRDA:380,22,0,0
BRDA:380,22,1,0
BRDA:395,23,0,0
BRDA:395,23,1,0
BRDA:400,24,0,0
BRDA:400,24,1,0
BRDA:406,25,0,0
BRDA:406,25,1,0
BRDA:420,26,0,0
BRDA:420,26,1,0
BRF:58
BRH:0
end_of_record
TN:
SF:src\godot\cli.ts
FN:36,detectGodotExecutable
FN:77,getCommonGodotPaths
FN:127,validateGodotProject
FN:134,runProject
FN:228,executeScript
FNF:5
FNH:0
FNDA:0,detectGodotExecutable
FNDA:0,getCommonGodotPaths
FNDA:0,validateGodotProject
FNDA:0,runProject
FNDA:0,executeScript
DA:38,0
DA:39,0
DA:40,0
DA:44,0
DA:45,0
DA:46,0
DA:47,0
DA:52,0
DA:53,0
DA:57,0
DA:59,0
DA:60,0
DA:61,0
DA:68,0
DA:78,0
DA:79,0
DA:81,0
DA:83,0
DA:85,0
DA:86,0
DA:87,0
DA:89,0
DA:98,0
DA:99,0
DA:100,0
DA:105,0
DA:106,0
DA:113,0
DA:121,0
DA:128,0
DA:135,0
DA:138,0
DA:139,0
DA:147,0
DA:148,0
DA:158,0
DA:159,0
DA:161,0
DA:170,0
DA:172,0
DA:174,0
DA:175,0
DA:177,0
DA:178,0
DA:181,0
DA:185,0
DA:188,0
DA:191,0
DA:198,0
DA:199,0
DA:200,0
DA:207,0
DA:208,0
DA:209,0
DA:216,0
DA:229,0
DA:232,0
DA:233,0
DA:241,0
LF:59
LH:0
BRDA:39,0,0,0
BRDA:39,0,1,0
BRDA:39,1,0,0
BRDA:39,1,1,0
BRDA:46,2,0,0
BRDA:46,2,1,0
BRDA:57,3,0,0
BRDA:57,3,1,0
BRDA:60,4,0,0
BRDA:60,4,1,0
BRDA:60,5,0,0
BRDA:60,5,1,0
BRDA:83,6,0,0
BRDA:83,6,1,0
BRDA:85,7,0,0
BRDA:85,7,1,0
BRDA:86,8,0,0
BRDA:86,8,1,0
BRDA:87,9,0,0
BRDA:87,9,1,0
BRDA:98,10,0,0
BRDA:98,10,1,0
BRDA:99,11,0,0
BRDA:99,11,1,0
BRDA:105,12,0,0
BRDA:105,12,1,0
BRDA:109,13,0,0
BRDA:109,13,1,0
BRDA:117,14,0,0
BRDA:117,14,1,0
BRDA:135,15,0,0
BRDA:135,16,0,0
BRDA:135,17,0,0
BRDA:138,18,0,0
BRDA:138,18,1,0
BRDA:147,19,0,0
BRDA:147,19,1,0
BRDA:164,20,0,0
BRDA:164,20,1,0
BRDA:172,21,0,0
BRDA:172,21,1,0
BRDA:172,21,2,0
BRDA:172,21,3,0
BRDA:207,22,0,0
BRDA:207,22,1,0
BRDA:211,23,0,0
BRDA:211,23,1,0
BRDA:212,24,0,0
BRDA:212,24,1,0
BRDA:213,25,0,0
BRDA:213,25,1,0
BRDA:229,26,0,0
BRDA:232,27,0,0
BRDA:232,27,1,0
BRF:54
BRH:0
end_of_record
TN:
SF:src\parsers\tscn-parser.ts
FN:31,parse
FN:79,parseBlockDeclaration
FN:107,parseHeader
FN:123,parseExtResource
FN:137,parseSubResource
FN:150,parseNode
FN:183,parseConnection
FN:204,parseLine
FN:232,buildNodeTree
FN:238,(anonymous_9)
FN:282,parseGodotValue
FN:296,(anonymous_11)
FN:346,splitTopLevel
FN:364,parseTscnFile
FNF:14
FNH:14
FNDA:28,parse
FNDA:127,parseBlockDeclaration
FNDA:27,parseHeader
FNDA:12,parseExtResource
FNDA:3,parseSubResource
FNDA:73,parseNode
FNDA:11,parseConnection
FNDA:59,parseLine
FNDA:27,buildNodeTree
FNDA:73,(anonymous_9)
FNDA:105,parseGodotValue
FNDA:6,(anonymous_11)
FNDA:1,splitTopLevel
FNDA:15,parseTscnFile
DA:14,27
DA:15,27
DA:16,27
DA:19,27
DA:20,27
DA:21,27
DA:22,27
DA:23,27
DA:26,27
DA:33,28
DA:34,28
DA:35,28
DA:38,28
DA:39,28
DA:40,28
DA:41,28
DA:42,28
DA:43,28
DA:44,28
DA:47,28
DA:48,312
DA:51,312
DA:52,126
DA:53,126
DA:57,186
DA:58,127
DA:61,59
DA:64,186
DA:68,27
DA:70,27
DA:80,127
DA:81,27
DA:82,27
DA:83,27
DA:84,100
DA:85,12
DA:86,12
DA:87,12
DA:88,88
DA:89,3
DA:90,3
DA:91,3
DA:92,85
DA:93,73
DA:94,73
DA:95,73
DA:96,12
DA:97,11
DA:98,11
DA:99,11
DA:102,1
DA:103,1
DA:108,27
DA:109,27
DA:110,27
DA:112,27
DA:113,27
DA:115,27
DA:116,27
DA:118,27
DA:119,14
DA:124,12
DA:125,12
DA:126,12
DA:128,12
DA:129,12
DA:138,3
DA:139,3
DA:141,3
DA:142,3
DA:152,73
DA:153,73
DA:154,73
DA:161,73
DA:162,73
DA:163,47
DA:164,47
DA:166,25
DA:168,22
DA:172,73
DA:173,73
DA:184,11
DA:185,11
DA:186,11
DA:187,11
DA:188,11
DA:190,11
DA:191,11
DA:206,59
DA:209,59
DA:210,59
DA:212,59
DA:213,59
DA:216,59
DA:217,3
DA:218,3
DA:219,3
DA:221,56
DA:222,56
DA:223,56
DA:224,56
DA:233,27
DA:234,1
DA:238,26
DA:239,73
DA:242,26
DA:244,0
DA:247,26
DA:250,26
DA:251,26
DA:252,73
DA:257,26
DA:258,73
DA:262,47
DA:264,73
DA:265,47
DA:266,47
DA:267,47
DA:272,26
DA:283,105
DA:284,100
DA:285,96
DA:288,95
DA:289,15
DA:293,80
DA:294,4
DA:295,4
DA:296,6
DA:300,76
DA:301,2
DA:302,2
DA:303,1
DA:305,1
DA:306,1
DA:307,2
DA:308,2
DA:309,2
DA:310,2
DA:311,2
DA:312,2
DA:313,2
DA:315,1
DA:319,74
DA:321,46
DA:322,19
DA:325,27
DA:326,2
DA:330,25
DA:334,28
DA:335,28
DA:336,21
DA:340,7
DA:347,1
DA:348,1
DA:349,1
DA:350,1
DA:351,25
DA:352,25
DA:353,25
DA:354,25
DA:355,1
DA:356,1
DA:359,1
DA:360,1
DA:365,15
DA:366,15
LF:166
LH:165
BRDA:51,0,0,126
BRDA:51,0,1,186
BRDA:51,1,0,312
BRDA:51,1,1,186
BRDA:57,2,0,127
BRDA:57,2,1,59
BRDA:80,3,0,27
BRDA:80,3,1,100
BRDA:84,4,0,12
BRDA:84,4,1,88
BRDA:88,5,0,3
BRDA:88,5,1,85
BRDA:92,6,0,73
BRDA:92,6,1,12
BRDA:96,7,0,11
BRDA:96,7,1,1
BRDA:112,8,0,27
BRDA:112,8,1,0
BRDA:115,9,0,27
BRDA:115,9,1,0
BRDA:118,10,0,14
BRDA:118,10,1,13
BRDA:128,11,0,12
BRDA:128,11,1,0
BRDA:128,12,0,12
BRDA:128,12,1,12
BRDA:128,12,2,12
BRDA:141,13,0,3
BRDA:141,13,1,0
BRDA:141,14,0,3
BRDA:141,14,1,3
BRDA:162,15,0,47
BRDA:162,15,1,26
BRDA:164,16,0,25
BRDA:164,16,1,22
BRDA:172,17,0,73
BRDA:172,17,1,0
BRDA:172,18,0,73
BRDA:172,18,1,73
BRDA:190,19,0,11
BRDA:190,19,1,0
BRDA:190,20,0,11
BRDA:190,20,1,11
BRDA:190,20,2,11
BRDA:190,20,3,11
BRDA:196,21,0,4
BRDA:196,21,1,7
BRDA:206,22,0,0
BRDA:206,22,1,59
BRDA:206,23,0,59
BRDA:206,23,1,59
BRDA:210,24,0,0
BRDA:210,24,1,59
BRDA:216,25,0,3
BRDA:216,25,1,56
BRDA:216,26,0,59
BRDA:216,26,1,3
BRDA:218,27,0,3
BRDA:218,27,1,0
BRDA:221,28,0,56
BRDA:221,28,1,0
BRDA:221,29,0,56
BRDA:221,29,1,56
BRDA:223,30,0,56
BRDA:223,30,1,0
BRDA:233,31,0,1
BRDA:233,31,1,26
BRDA:239,32,0,73
BRDA:239,32,1,47
BRDA:242,33,0,0
BRDA:242,33,1,26
BRDA:258,34,0,26
BRDA:258,34,1,47
BRDA:262,35,0,25
BRDA:262,35,1,22
BRDA:264,36,0,47
BRDA:264,36,1,26
BRDA:266,37,0,47
BRDA:266,37,1,0
BRDA:283,38,0,5
BRDA:283,38,1,100
BRDA:283,39,0,105
BRDA:283,39,1,102
BRDA:284,40,0,4
BRDA:284,40,1,96
BRDA:285,41,0,1
BRDA:285,41,1,95
BRDA:288,42,0,15
BRDA:288,42,1,80
BRDA:288,43,0,95
BRDA:288,43,1,15
BRDA:288,43,2,15
BRDA:293,44,0,4
BRDA:293,44,1,76
BRDA:293,45,0,80
BRDA:293,45,1,4
BRDA:295,46,0,2
BRDA:295,46,1,2
BRDA:300,47,0,2
BRDA:300,47,1,74
BRDA:300,48,0,76
BRDA:300,48,1,2
BRDA:302,49,0,1
BRDA:302,49,1,1
BRDA:308,50,0,0
BRDA:308,50,1,2
BRDA:319,51,0,46
BRDA:319,51,1,28
BRDA:319,52,0,74
BRDA:319,52,1,46
BRDA:321,53,0,19
BRDA:321,53,1,27
BRDA:321,54,0,46
BRDA:321,54,1,32
BRDA:325,55,0,2
BRDA:325,55,1,25
BRDA:335,56,0,21
BRDA:335,56,1,7
BRDA:335,57,0,28
BRDA:335,57,1,21
BRDA:352,58,0,0
BRDA:352,58,1,25
BRDA:352,59,0,25
BRDA:352,59,1,25
BRDA:352,59,2,25
BRDA:353,60,0,0
BRDA:353,60,1,25
BRDA:353,61,0,25
BRDA:353,61,1,25
BRDA:353,61,2,25
BRDA:354,62,0,1
BRDA:354,62,1,24
BRDA:354,63,0,25
BRDA:354,63,1,1
BRF:134
BRH:118
end_of_record
TN:
SF:src\parsers\tscn-types.ts
FN:47,(anonymous_0)
FNF:1
FNH:1
FNDA:7,(anonymous_0)
DA:47,7
DA:48,7
DA:49,7
DA:50,7
DA:51,7
DA:52,7
DA:55,7
LF:7
LH:7
BRF:0
BRH:0
end_of_record
TN:
SF:src\tools\add_node.ts
FN:25,addNode
FN:109,listNodeNames
FN:115,collectNames
FNF:3
FNH:1
FNDA:10,addNode
FNDA:0,listNodeNames
FNDA:0,collectNames
DA:26,10
DA:29,10
DA:30,2
DA:32,8
DA:33,0
DA:35,8
DA:36,0
DA:38,8
DA:39,0
DA:43,8
DA:44,1
DA:48,7
DA:49,7
DA:50,0
DA:55,7
DA:56,6
DA:58,1
DA:61,7
DA:62,0
DA:69,7
DA:70,7
DA:71,2
DA:77,5
DA:86,10
DA:91,10
DA:94,10
DA:97,10
DA:99,10
DA:110,0
DA:111,0
DA:112,0
DA:116,0
DA:117,0
DA:118,0
LF:34
LH:23
BRDA:29,0,0,2
BRDA:29,0,1,8
BRDA:29,1,0,10
BRDA:29,1,1,9
BRDA:32,2,0,0
BRDA:32,2,1,8
BRDA:35,3,0,0
BRDA:35,3,1,8
BRDA:38,4,0,0
BRDA:38,4,1,8
BRDA:43,5,0,1
BRDA:43,5,1,7
BRDA:49,6,0,0
BRDA:49,6,1,7
BRDA:55,7,0,6
BRDA:55,7,1,1
BRDA:61,8,0,0
BRDA:61,8,1,7
BRDA:70,9,0,2
BRDA:70,9,1,5
BRDA:81,10,0,5
BRDA:81,10,1,3
BRDA:97,11,0,4
BRDA:97,11,1,1
BRDA:102,12,0,10
BRDA:102,12,1,3
BRF:26
BRH:21
end_of_record
TN:
SF:src\tools\create_scene.ts
FN:20,createScene
FN:58,validateCreatedScene
FNF:2
FNH:1
FNDA:8,createScene
FNDA:0,validateCreatedScene
DA:21,8
DA:24,8
DA:25,1
DA:28,7
DA:29,0
DA:34,7
DA:35,7
DA:37,0
DA:38,0
DA:42,7
DA:43,1
DA:47,6
DA:50,6
DA:52,6
DA:59,0
DA:60,0
DA:63,0
DA:66,0
LF:18
LH:11
BRDA:24,0,0,1
BRDA:24,0,1,7
BRDA:24,1,0,8
BRDA:24,1,1,8
BRDA:28,2,0,0
BRDA:28,2,1,7
BRDA:28,3,0,7
BRDA:28,3,1,7
BRDA:34,4,0,7
BRDA:34,4,1,0
BRDA:37,5,0,0
BRDA:37,5,1,0
BRDA:42,6,0,1
BRDA:42,6,1,6
BRDA:59,7,0,0
BRDA:59,7,1,0
BRDA:67,8,0,0
BRDA:67,8,1,0
BRDA:67,8,2,0
BRF:19
BRH:10
end_of_record
TN:
SF:src\tools\create_script.ts
FN:22,createScript
FN:127,findProjectRoot
FNF:2
FNH:2
FNDA:6,createScript
FNDA:1,findProjectRoot
DA:23,6
DA:26,6
DA:27,0
DA:29,6
DA:30,1
DA:32,5
DA:33,1
DA:37,4
DA:42,6
DA:43,1
DA:47,3
DA:48,3
DA:49,0
DA:53,3
DA:55,3
DA:61,3
DA:62,1
DA:63,0
DA:65,1
DA:66,0
DA:70,1
DA:71,1
DA:72,0
DA:76,1
DA:77,1
DA:78,0
DA:85,1
DA:87,1
DA:88,0
DA:89,0
DA:92,1
DA:93,1
DA:94,1
DA:98,1
DA:99,1
DA:104,1
DA:107,1
DA:113,1
DA:115,1
DA:116,1
DA:117,2
DA:118,0
DA:121,3
DA:128,1
DA:129,1
DA:130,0
DA:133,1
DA:134,1
DA:135,0
DA:137,1
LF:50
LH:39
BRDA:26,0,0,0
BRDA:26,0,1,6
BRDA:29,1,0,1
BRDA:29,1,1,5
BRDA:32,2,0,1
BRDA:32,2,1,4
BRDA:37,3,0,4
BRDA:37,3,1,0
BRDA:42,4,0,1
BRDA:42,4,1,5
BRDA:48,5,0,0
BRDA:48,5,1,3
BRDA:61,6,0,1
BRDA:61,6,1,2
BRDA:61,7,0,3
BRDA:61,7,1,1
BRDA:62,8,0,0
BRDA:62,8,1,1
BRDA:65,9,0,0
BRDA:65,9,1,1
BRDA:71,10,0,0
BRDA:71,10,1,1
BRDA:77,11,0,0
BRDA:77,11,1,1
BRDA:87,12,0,0
BRDA:87,12,1,1
BRDA:117,13,0,0
BRDA:117,13,1,2
BRDA:117,14,0,2
BRDA:117,14,1,0
BRDA:129,15,0,0
BRDA:129,15,1,1
BRDA:134,16,0,0
BRDA:134,16,1,1
BRDA:134,17,0,1
BRDA:134,17,1,1
BRF:36
BRH:24
end_of_record
TN:
SF:src\tools\edit_node.ts
FN:22,editNode
FNF:1
FNH:1
FNDA:4,editNode
DA:23,4
DA:26,4
DA:27,0
DA:29,4
DA:30,0
DA:32,4
DA:33,1
DA:37,3
DA:38,0
DA:42,3
DA:43,3
DA:44,0
DA:48,3
DA:49,3
DA:50,1
DA:54,2
DA:55,2
DA:56,2
DA:58,2
DA:59,3
DA:61,1
DA:62,1
DA:63,1
DA:67,2
DA:68,2
DA:69,2
DA:70,0
DA:72,2
DA:78,2
DA:81,2
DA:84,2
DA:85,2
DA:86,2
DA:88,2
LF:34
LH:29
BRDA:26,0,0,0
BRDA:26,0,1,4
BRDA:26,1,0,4
BRDA:26,1,1,4
BRDA:29,2,0,0
BRDA:29,2,1,4
BRDA:32,3,0,1
BRDA:32,3,1,3
BRDA:32,4,0,4
BRDA:32,4,1,4
BRDA:37,5,0,0
BRDA:37,5,1,3
BRDA:43,6,0,0
BRDA:43,6,1,3
BRDA:49,7,0,1
BRDA:49,7,1,2
BRDA:59,8,0,1
BRDA:59,8,1,2
BRDA:59,9,0,3
BRDA:59,9,1,2
BRDA:61,10,0,1
BRDA:61,10,1,0
BRDA:69,11,0,0
BRDA:69,11,1,2
BRDA:84,12,0,0
BRDA:84,12,1,2
BRDA:85,13,0,1
BRDA:85,13,1,1
BRDA:86,14,0,1
BRDA:86,14,1,1
BRF:30
BRH:23
end_of_record
TN:
SF:src\tools\list_scenes.ts
FN:10,findTscnFiles
FN:41,getFileInfo
FN:55,listScenes
FN:70,(anonymous_3)
FN:71,(anonymous_4)
FNF:5
FNH:5
FNDA:4,findTscnFiles
FNDA:1,getFileInfo
FNDA:3,listScenes
FNDA:1,(anonymous_3)
FNDA:1,(anonymous_4)
DA:11,4
DA:12,4
DA:14,4
DA:15,4
DA:16,4
DA:18,4
DA:20,3
DA:22,1
DA:24,2
DA:25,1
DA:27,1
DA:28,0
DA:30,1
DA:35,0
DA:38,4
DA:42,1
DA:43,1
DA:44,1
DA:51,0
DA:57,3
DA:58,1
DA:61,2
DA:62,0
DA:66,2
DA:69,2
DA:70,1
DA:71,1
DA:73,2
LF:28
LH:24
BRDA:10,0,0,4
BRDA:18,1,0,3
BRDA:18,1,1,1
BRDA:20,2,0,1
BRDA:20,2,1,2
BRDA:20,3,0,3
BRDA:20,3,1,3
BRDA:20,3,2,3
BRDA:20,3,3,3
BRDA:20,3,4,2
BRDA:25,4,0,1
BRDA:25,4,1,0
BRDA:27,5,0,0
BRDA:27,5,1,1
BRDA:27,6,0,1
BRDA:27,6,1,1
BRDA:57,7,0,1
BRDA:57,7,1,2
BRDA:61,8,0,0
BRDA:61,8,1,2
BRF:20
BRH:17
end_of_record
TN:
SF:src\tools\read_scene.ts
FN:23,readScene
FN:74,countNodes
FN:83,flattenNodes
FNF:3
FNH:3
FNDA:5,readScene
FNDA:8,countNodes
FNDA:8,flattenNodes
DA:24,5
DA:26,5
DA:27,3
DA:34,2
DA:35,0
DA:42,2
DA:45,2
DA:48,2
DA:49,2
DA:50,2
DA:53,2
DA:67,0
DA:75,8
DA:76,8
DA:77,8
DA:78,6
DA:80,8
DA:87,8
DA:92,8
DA:93,6
LF:20
LH:18
BRDA:26,0,0,3
BRDA:26,0,1,2
BRDA:34,1,0,0
BRDA:34,1,1,2
BRDA:49,2,0,2
BRDA:49,2,1,0
BRDA:69,3,0,0
BRDA:69,3,1,0
BRDA:75,4,0,0
BRDA:75,4,1,8
BRF:10
BRH:5
end_of_record
TN:
SF:src\tools\read_script.ts
FN:12,readScript
FNF:1
FNH:1
FNDA:3,readScript
DA:13,3
DA:15,3
DA:16,0
DA:19,3
DA:20,1
DA:23,2
DA:24,1
DA:27,1
DA:28,1
DA:30,1
LF:10
LH:9
BRDA:15,0,0,0
BRDA:15,0,1,3
BRDA:19,1,0,1
BRDA:19,1,1,2
BRDA:23,2,0,1
BRDA:23,2,1,1
BRF:6
BRH:5
end_of_record
TN:
SF:src\tools\run_project.ts
FN:19,runGodotProject
FNF:1
FNH:0
FNDA:0,runGodotProject
DA:20,0
DA:22,0
DA:23,0
DA:26,0
DA:27,0
DA:30,0
DA:31,0
DA:36,0
DA:43,0
DA:44,0
DA:52,0
DA:53,0
DA:55,0
DA:56,0
DA:59,0
LF:15
LH:0
BRDA:20,0,0,0
BRDA:22,1,0,0
BRDA:22,1,1,0
BRDA:26,2,0,0
BRDA:26,2,1,0
BRDA:30,3,0,0
BRDA:30,3,1,0
BRDA:43,4,0,0
BRDA:43,4,1,0
BRDA:49,5,0,0
BRDA:49,5,1,0
BRDA:52,6,0,0
BRDA:52,6,1,0
BRDA:55,7,0,0
BRDA:55,7,1,0
BRF:15
BRH:0
end_of_record
TN:
SF:src\utils\tree-utils.ts
FN:7,findNodeInTree
FN:25,getNodePath
FN:45,countNodes
FN:57,flattenNodes
FN:72,isValidNodeType
FNF:5
FNH:5
FNDA:36,findNodeInTree
FNDA:10,getNodePath
FNDA:6,countNodes
FNDA:9,flattenNodes
FNDA:14,isValidNodeType
DA:11,36
DA:12,27
DA:13,19
DA:14,19
DA:16,18
DA:30,10
DA:32,3
DA:34,7
DA:35,6
DA:36,6
DA:37,6
DA:39,4
DA:46,6
DA:47,5
DA:48,5
DA:49,4
DA:51,5
DA:61,9
DA:62,9
DA:63,9
DA:64,7
DA:66,9
DA:73,14
DA:94,14
LF:24
LH:24
BRDA:11,0,0,9
BRDA:11,0,1,27
BRDA:14,1,0,9
BRDA:14,1,1,10
BRDA:28,2,0,10
BRDA:30,3,0,3
BRDA:30,3,1,7
BRDA:35,4,0,4
BRDA:35,4,1,2
BRDA:37,5,0,3
BRDA:37,5,1,3
BRDA:46,6,0,1
BRDA:46,6,1,5
BRDA:59,7,0,9
BRF:14
BRH:14
end_of_record
TN:
SF:src\writers\tscn-writer.ts
FN:23,sceneToTscn
FN:73,writeNode
FN:128,sceneToHeader
FN:141,extResourceToBlock
FN:148,subResourceToBlock
FN:155,connectionToBlock
FN:177,valueToString
FN:210,(anonymous_7)
FN:216,(anonymous_8)
FN:229,writeSceneToFile
FN:248,createEmptyScene
FN:274,generateUid
FNF:12
FNH:10
FNDA:28,sceneToTscn
FNDA:47,writeNode
FNDA:28,sceneToHeader
FNDA:5,extResourceToBlock
FNDA:2,subResourceToBlock
FNDA:3,connectionToBlock
FNDA:26,valueToString
FNDA:0,(anonymous_7)
FNDA:0,(anonymous_8)
FNDA:15,writeSceneToFile
FNDA:21,createEmptyScene
FNDA:21,generateUid
DA:27,28
DA:30,28
DA:33,28
DA:36,28
DA:37,5
DA:40,28
DA:41,4
DA:45,28
DA:46,2
DA:48,2
DA:49,2
DA:51,2
DA:55,28
DA:56,28
DA:60,28
DA:61,3
DA:62,3
DA:63,3
DA:67,28
DA:79,47
DA:81,47
DA:83,28
DA:84,19
DA:86,12
DA:90,7
DA:94,47
DA:95,47
DA:98,47
DA:99,24
DA:103,47
DA:109,19
DA:110,12
DA:111,7
DA:112,7
DA:114,0
DA:116,19
DA:120,47
DA:121,23
DA:129,28
DA:131,28
DA:132,26
DA:135,28
DA:142,5
DA:149,2
DA:156,3
DA:163,3
DA:164,3
DA:167,3
DA:168,0
DA:171,3
DA:178,26
DA:179,0
DA:182,26
DA:183,3
DA:186,23
DA:188,7
DA:189,6
DA:192,1
DA:193,1
DA:196,16
DA:198,16
DA:199,5
DA:202,11
DA:203,0
DA:206,11
DA:209,0
DA:210,0
DA:211,0
DA:214,0
DA:216,0
DA:217,0
DA:219,0
DA:223,0
DA:234,15
DA:237,15
DA:238,15
DA:239,0
DA:242,15
DA:252,21
DA:275,21
DA:276,21
DA:277,21
DA:278,336
DA:280,21
LF:84
LH:71
BRDA:25,0,0,28
BRDA:40,1,0,4
BRDA:40,1,1,24
BRDA:55,2,0,28
BRDA:55,2,1,0
BRDA:60,3,0,3
BRDA:60,3,1,25
BRDA:81,4,0,28
BRDA:81,4,1,19
BRDA:84,5,0,12
BRDA:84,5,1,7
BRDA:109,6,0,12
BRDA:109,6,1,7
BRDA:111,7,0,7
BRDA:111,7,1,0
BRDA:120,8,0,23
BRDA:120,8,1,24
BRDA:120,9,0,47
BRDA:120,9,1,31
BRDA:131,10,0,26
BRDA:131,10,1,2
BRDA:163,11,0,3
BRDA:163,11,1,0
BRDA:167,12,0,0
BRDA:167,12,1,3
BRDA:167,13,0,3
BRDA:167,13,1,0
BRDA:178,14,0,0
BRDA:178,14,1,26
BRDA:178,15,0,26
BRDA:178,15,1,26
BRDA:182,16,0,3
BRDA:182,16,1,23
BRDA:183,17,0,3
BRDA:183,17,1,0
BRDA:186,18,0,7
BRDA:186,18,1,16
BRDA:188,19,0,6
BRDA:188,19,1,1
BRDA:193,20,0,1
BRDA:193,20,1,0
BRDA:196,21,0,16
BRDA:196,21,1,0
BRDA:198,22,0,5
BRDA:198,22,1,11
BRDA:198,23,0,16
BRDA:198,23,1,12
BRDA:202,24,0,0
BRDA:202,24,1,11
BRDA:209,25,0,0
BRDA:209,25,1,0
BRDA:214,26,0,0
BRDA:214,26,1,0
BRDA:238,27,0,0
BRDA:238,27,1,15
BRF:55
BRH:40
end_of_record
