TN:
SF:src\index.ts
FN:31,(anonymous_0)
FN:220,(anonymous_1)
FN:243,(anonymous_2)
FN:279,(anonymous_3)
FN:429,main
FN:435,(anonymous_5)
FNF:6
FNH:0
FNDA:0,(anonymous_0)
FNDA:0,(anonymous_1)
FNDA:0,(anonymous_2)
FNDA:0,(anonymous_3)
FNDA:0,main
FNDA:0,(anonymous_5)
DA:18,0
DA:31,0
DA:32,0
DA:220,0
DA:221,0
DA:223,0
DA:224,0
DA:225,0
DA:235,0
DA:236,0
DA:239,0
DA:242,0
DA:244,0
DA:247,0
DA:257,0
DA:258,0
DA:260,0
DA:261,0
DA:265,0
DA:267,0
DA:268,0
DA:272,0
DA:273,0
DA:280,0
DA:284,0
DA:294,0
DA:295,0
DA:296,0
DA:297,0
DA:298,0
DA:300,0
DA:301,0
DA:304,0
DA:311,0
DA:321,0
DA:322,0
DA:323,0
DA:324,0
DA:326,0
DA:327,0
DA:332,0
DA:333,0
DA:334,0
DA:335,0
DA:336,0
DA:337,0
DA:339,0
DA:340,0
DA:343,0
DA:350,0
DA:355,0
DA:356,0
DA:357,0
DA:358,0
DA:360,0
DA:361,0
DA:364,0
DA:369,0
DA:374,0
DA:375,0
DA:376,0
DA:377,0
DA:378,0
DA:380,0
DA:381,0
DA:384,0
DA:390,0
DA:395,0
DA:396,0
DA:397,0
DA:398,0
DA:400,0
DA:401,0
DA:404,0
DA:409,0
DA:414,0
DA:416,0
DA:430,0
DA:431,0
DA:432,0
DA:435,0
DA:436,0
DA:437,0
LF:83
LH:0
BRDA:224,0,0,0
BRDA:224,0,1,0
BRDA:235,1,0,0
BRDA:235,1,1,0
BRDA:236,2,0,0
BRDA:236,2,1,0
BRDA:257,3,0,0
BRDA:257,3,1,0
BRDA:260,4,0,0
BRDA:260,4,1,0
BRDA:267,5,0,0
BRDA:267,5,1,0
BRDA:268,6,0,0
BRDA:268,6,1,0
BRDA:277,7,0,0
BRDA:277,7,1,0
BRDA:281,8,0,0
BRDA:281,8,1,0
BRDA:294,9,0,0
BRDA:294,9,1,0
BRDA:300,10,0,0
BRDA:300,10,1,0
BRDA:300,11,0,0
BRDA:300,11,1,0
BRDA:300,11,2,0
BRDA:321,12,0,0
BRDA:321,12,1,0
BRDA:323,13,0,0
BRDA:323,13,1,0
BRDA:332,14,0,0
BRDA:332,14,1,0
BRDA:339,15,0,0
BRDA:339,15,1,0
BRDA:339,16,0,0
BRDA:339,16,1,0
BRDA:339,16,2,0
BRDA:339,16,3,0
BRDA:355,17,0,0
BRDA:355,17,1,0
BRDA:360,18,0,0
BRDA:360,18,1,0
BRDA:360,19,0,0
BRDA:360,19,1,0
BRDA:360,19,2,0
BRDA:374,20,0,0
BRDA:374,20,1,0
BRDA:380,21,0,0
BRDA:380,21,1,0
BRDA:380,22,0,0
BRDA:380,22,1,0
BRDA:395,23,0,0
BRDA:395,23,1,0
BRDA:400,24,0,0
BRDA:400,24,1,0
BRDA:406,25,0,0
BRDA:406,25,1,0
BRDA:420,26,0,0
BRDA:420,26,1,0
BRF:58
BRH:0
end_of_record
TN:
SF:src\godot\cli.ts
FN:36,detectGodotExecutable
FN:77,getCommonGodotPaths
FN:127,validateGodotProject
FN:134,runProject
FN:228,executeScript
FNF:5
FNH:0
FNDA:0,detectGodotExecutable
FNDA:0,getCommonGodotPaths
FNDA:0,validateGodotProject
FNDA:0,runProject
FNDA:0,executeScript
DA:38,0
DA:39,0
DA:40,0
DA:44,0
DA:45,0
DA:46,0
DA:47,0
DA:52,0
DA:53,0
DA:57,0
DA:59,0
DA:60,0
DA:61,0
DA:68,0
DA:78,0
DA:79,0
DA:81,0
DA:83,0
DA:85,0
DA:86,0
DA:87,0
DA:89,0
DA:98,0
DA:99,0
DA:100,0
DA:105,0
DA:106,0
DA:113,0
DA:121,0
DA:128,0
DA:135,0
DA:138,0
DA:139,0
DA:147,0
DA:148,0
DA:158,0
DA:159,0
DA:161,0
DA:170,0
DA:172,0
DA:174,0
DA:175,0
DA:177,0
DA:178,0
DA:181,0
DA:185,0
DA:188,0
DA:191,0
DA:198,0
DA:199,0
DA:200,0
DA:207,0
DA:208,0
DA:209,0
DA:216,0
DA:229,0
DA:232,0
DA:233,0
DA:241,0
LF:59
LH:0
BRDA:39,0,0,0
BRDA:39,0,1,0
BRDA:39,1,0,0
BRDA:39,1,1,0
BRDA:46,2,0,0
BRDA:46,2,1,0
BRDA:57,3,0,0
BRDA:57,3,1,0
BRDA:60,4,0,0
BRDA:60,4,1,0
BRDA:60,5,0,0
BRDA:60,5,1,0
BRDA:83,6,0,0
BRDA:83,6,1,0
BRDA:85,7,0,0
BRDA:85,7,1,0
BRDA:86,8,0,0
BRDA:86,8,1,0
BRDA:87,9,0,0
BRDA:87,9,1,0
BRDA:98,10,0,0
BRDA:98,10,1,0
BRDA:99,11,0,0
BRDA:99,11,1,0
BRDA:105,12,0,0
BRDA:105,12,1,0
BRDA:109,13,0,0
BRDA:109,13,1,0
BRDA:117,14,0,0
BRDA:117,14,1,0
BRDA:135,15,0,0
BRDA:135,16,0,0
BRDA:135,17,0,0
BRDA:138,18,0,0
BRDA:138,18,1,0
BRDA:147,19,0,0
BRDA:147,19,1,0
BRDA:164,20,0,0
BRDA:164,20,1,0
BRDA:172,21,0,0
BRDA:172,21,1,0
BRDA:172,21,2,0
BRDA:172,21,3,0
BRDA:207,22,0,0
BRDA:207,22,1,0
BRDA:211,23,0,0
BRDA:211,23,1,0
BRDA:212,24,0,0
BRDA:212,24,1,0
BRDA:213,25,0,0
BRDA:213,25,1,0
BRDA:229,26,0,0
BRDA:232,27,0,0
BRDA:232,27,1,0
BRF:54
BRH:0
end_of_record
TN:
SF:src\parsers\tscn-parser.ts
FN:31,parse
FN:79,parseBlockDeclaration
FN:107,parseHeader
FN:123,parseExtResource
FN:137,parseSubResource
FN:150,parseNode
FN:183,parseConnection
FN:204,parseLine
FN:232,buildNodeTree
FN:238,(anonymous_9)
FN:282,parseGodotValue
FN:296,(anonymous_11)
FN:346,splitTopLevel
FN:364,parseTscnFile
FNF:14
FNH:12
FNDA:16,parse
FNDA:88,parseBlockDeclaration
FNDA:15,parseHeader
FNDA:8,parseExtResource
FNDA:0,parseSubResource
FNDA:57,parseNode
FNDA:8,parseConnection
FNDA:43,parseLine
FNDA:15,buildNodeTree
FNDA:57,(anonymous_9)
FNDA:69,parseGodotValue
FNDA:3,(anonymous_11)
FNDA:0,splitTopLevel
FNDA:10,parseTscnFile
DA:14,16
DA:15,16
DA:16,16
DA:19,16
DA:20,16
DA:21,16
DA:22,16
DA:23,16
DA:26,16
DA:33,16
DA:34,16
DA:35,16
DA:38,16
DA:39,16
DA:40,16
DA:41,16
DA:42,16
DA:43,16
DA:44,16
DA:47,16
DA:48,219
DA:51,219
DA:52,88
DA:53,88
DA:57,131
DA:58,88
DA:61,43
DA:64,131
DA:68,15
DA:70,15
DA:80,88
DA:81,15
DA:82,15
DA:83,15
DA:84,73
DA:85,8
DA:86,8
DA:87,8
DA:88,65
DA:89,0
DA:90,0
DA:91,0
DA:92,65
DA:93,57
DA:94,57
DA:95,57
DA:96,8
DA:97,8
DA:98,8
DA:99,8
DA:102,0
DA:103,0
DA:108,15
DA:109,15
DA:110,15
DA:112,15
DA:113,15
DA:115,15
DA:116,15
DA:118,15
DA:119,7
DA:124,8
DA:125,8
DA:126,8
DA:128,8
DA:129,8
DA:138,0
DA:139,0
DA:141,0
DA:142,0
DA:152,57
DA:153,57
DA:154,57
DA:161,57
DA:162,57
DA:163,42
DA:164,42
DA:166,22
DA:168,20
DA:172,57
DA:173,57
DA:184,8
DA:185,8
DA:186,8
DA:187,8
DA:188,8
DA:190,8
DA:191,8
DA:206,43
DA:209,43
DA:210,43
DA:212,43
DA:213,43
DA:216,43
DA:217,0
DA:218,0
DA:219,0
DA:221,43
DA:222,43
DA:223,43
DA:224,43
DA:233,15
DA:234,0
DA:238,15
DA:239,57
DA:242,15
DA:244,0
DA:247,15
DA:250,15
DA:251,15
DA:252,57
DA:257,15
DA:258,57
DA:262,42
DA:264,57
DA:265,42
DA:266,42
DA:267,42
DA:272,15
DA:283,69
DA:284,65
DA:285,64
DA:288,63
DA:289,9
DA:293,54
DA:294,3
DA:295,3
DA:296,3
DA:300,51
DA:301,1
DA:302,1
DA:303,0
DA:305,0
DA:306,0
DA:307,0
DA:308,0
DA:309,0
DA:310,0
DA:311,0
DA:312,0
DA:313,0
DA:315,0
DA:319,50
DA:321,30
DA:322,10
DA:325,20
DA:326,1
DA:330,19
DA:334,20
DA:335,20
DA:336,13
DA:340,7
DA:347,0
DA:348,0
DA:349,0
DA:350,0
DA:351,0
DA:352,0
DA:353,0
DA:354,0
DA:355,0
DA:356,0
DA:359,0
DA:360,0
DA:365,10
DA:366,10
LF:166
LH:129
BRDA:51,0,0,88
BRDA:51,0,1,131
BRDA:51,1,0,219
BRDA:51,1,1,131
BRDA:57,2,0,88
BRDA:57,2,1,43
BRDA:80,3,0,15
BRDA:80,3,1,73
BRDA:84,4,0,8
BRDA:84,4,1,65
BRDA:88,5,0,0
BRDA:88,5,1,65
BRDA:92,6,0,57
BRDA:92,6,1,8
BRDA:96,7,0,8
BRDA:96,7,1,0
BRDA:112,8,0,15
BRDA:112,8,1,0
BRDA:115,9,0,15
BRDA:115,9,1,0
BRDA:118,10,0,7
BRDA:118,10,1,8
BRDA:128,11,0,8
BRDA:128,11,1,0
BRDA:128,12,0,8
BRDA:128,12,1,8
BRDA:128,12,2,8
BRDA:141,13,0,0
BRDA:141,13,1,0
BRDA:141,14,0,0
BRDA:141,14,1,0
BRDA:162,15,0,42
BRDA:162,15,1,15
BRDA:164,16,0,22
BRDA:164,16,1,20
BRDA:172,17,0,57
BRDA:172,17,1,0
BRDA:172,18,0,57
BRDA:172,18,1,57
BRDA:190,19,0,8
BRDA:190,19,1,0
BRDA:190,20,0,8
BRDA:190,20,1,8
BRDA:190,20,2,8
BRDA:190,20,3,8
BRDA:196,21,0,1
BRDA:196,21,1,7
BRDA:206,22,0,0
BRDA:206,22,1,43
BRDA:206,23,0,43
BRDA:206,23,1,43
BRDA:210,24,0,0
BRDA:210,24,1,43
BRDA:216,25,0,0
BRDA:216,25,1,43
BRDA:216,26,0,43
BRDA:216,26,1,0
BRDA:218,27,0,0
BRDA:218,27,1,0
BRDA:221,28,0,43
BRDA:221,28,1,0
BRDA:221,29,0,43
BRDA:221,29,1,43
BRDA:223,30,0,43
BRDA:223,30,1,0
BRDA:233,31,0,0
BRDA:233,31,1,15
BRDA:239,32,0,57
BRDA:239,32,1,42
BRDA:242,33,0,0
BRDA:242,33,1,15
BRDA:258,34,0,15
BRDA:258,34,1,42
BRDA:262,35,0,22
BRDA:262,35,1,20
BRDA:264,36,0,42
BRDA:264,36,1,15
BRDA:266,37,0,42
BRDA:266,37,1,0
BRDA:283,38,0,4
BRDA:283,38,1,65
BRDA:283,39,0,69
BRDA:283,39,1,67
BRDA:284,40,0,1
BRDA:284,40,1,64
BRDA:285,41,0,1
BRDA:285,41,1,63
BRDA:288,42,0,9
BRDA:288,42,1,54
BRDA:288,43,0,63
BRDA:288,43,1,9
BRDA:288,43,2,9
BRDA:293,44,0,3
BRDA:293,44,1,51
BRDA:293,45,0,54
BRDA:293,45,1,3
BRDA:295,46,0,2
BRDA:295,46,1,1
BRDA:300,47,0,1
BRDA:300,47,1,50
BRDA:300,48,0,51
BRDA:300,48,1,1
BRDA:302,49,0,1
BRDA:302,49,1,0
BRDA:308,50,0,0
BRDA:308,50,1,0
BRDA:319,51,0,30
BRDA:319,51,1,20
BRDA:319,52,0,50
BRDA:319,52,1,30
BRDA:321,53,0,10
BRDA:321,53,1,20
BRDA:321,54,0,30
BRDA:321,54,1,21
BRDA:325,55,0,1
BRDA:325,55,1,19
BRDA:335,56,0,13
BRDA:335,56,1,7
BRDA:335,57,0,20
BRDA:335,57,1,13
BRDA:352,58,0,0
BRDA:352,58,1,0
BRDA:352,59,0,0
BRDA:352,59,1,0
BRDA:352,59,2,0
BRDA:353,60,0,0
BRDA:353,60,1,0
BRDA:353,61,0,0
BRDA:353,61,1,0
BRDA:353,61,2,0
BRDA:354,62,0,0
BRDA:354,62,1,0
BRDA:354,63,0,0
BRDA:354,63,1,0
BRF:134
BRH:95
end_of_record
TN:
SF:src\parsers\tscn-types.ts
FN:47,(anonymous_0)
FNF:1
FNH:1
FNDA:5,(anonymous_0)
DA:47,5
DA:48,5
DA:49,5
DA:50,5
DA:51,5
DA:52,5
DA:55,5
LF:7
LH:7
BRF:0
BRH:0
end_of_record
TN:
SF:src\tools\add_node.ts
FN:25,addNode
FN:109,listNodeNames
FN:115,collectNames
FNF:3
FNH:1
FNDA:6,addNode
FNDA:0,listNodeNames
FNDA:0,collectNames
DA:26,6
DA:29,6
DA:30,2
DA:32,4
DA:33,0
DA:35,4
DA:36,0
DA:38,4
DA:39,0
DA:43,4
DA:44,1
DA:48,3
DA:49,3
DA:50,0
DA:55,3
DA:56,2
DA:58,1
DA:61,3
DA:62,0
DA:69,3
DA:70,3
DA:71,1
DA:77,2
DA:86,6
DA:91,6
DA:94,6
DA:97,6
DA:99,6
DA:110,0
DA:111,0
DA:112,0
DA:116,0
DA:117,0
DA:118,0
LF:34
LH:23
BRDA:29,0,0,2
BRDA:29,0,1,4
BRDA:29,1,0,6
BRDA:29,1,1,5
BRDA:32,2,0,0
BRDA:32,2,1,4
BRDA:35,3,0,0
BRDA:35,3,1,4
BRDA:38,4,0,0
BRDA:38,4,1,4
BRDA:43,5,0,1
BRDA:43,5,1,3
BRDA:49,6,0,0
BRDA:49,6,1,3
BRDA:55,7,0,2
BRDA:55,7,1,1
BRDA:61,8,0,0
BRDA:61,8,1,3
BRDA:70,9,0,1
BRDA:70,9,1,2
BRDA:81,10,0,2
BRDA:81,10,1,1
BRDA:97,11,0,1
BRDA:97,11,1,1
BRDA:102,12,0,6
BRDA:102,12,1,1
BRF:26
BRH:21
end_of_record
TN:
SF:src\tools\create_scene.ts
FN:20,createScene
FN:58,validateCreatedScene
FNF:2
FNH:1
FNDA:2,createScene
FNDA:0,validateCreatedScene
DA:21,2
DA:24,2
DA:25,1
DA:28,1
DA:29,0
DA:34,1
DA:35,1
DA:37,0
DA:38,0
DA:42,1
DA:43,0
DA:47,1
DA:50,1
DA:52,1
DA:59,0
DA:60,0
DA:63,0
DA:66,0
LF:18
LH:10
BRDA:24,0,0,1
BRDA:24,0,1,1
BRDA:24,1,0,2
BRDA:24,1,1,2
BRDA:28,2,0,0
BRDA:28,2,1,1
BRDA:28,3,0,1
BRDA:28,3,1,1
BRDA:34,4,0,1
BRDA:34,4,1,0
BRDA:37,5,0,0
BRDA:37,5,1,0
BRDA:42,6,0,0
BRDA:42,6,1,1
BRDA:59,7,0,0
BRDA:59,7,1,0
BRDA:67,8,0,0
BRDA:67,8,1,0
BRDA:67,8,2,0
BRF:19
BRH:9
end_of_record
TN:
SF:src\tools\create_script.ts
FN:22,createScript
FN:127,findProjectRoot
FNF:2
FNH:1
FNDA:3,createScript
FNDA:0,findProjectRoot
DA:23,3
DA:26,3
DA:27,0
DA:29,3
DA:30,1
DA:32,2
DA:33,1
DA:37,1
DA:42,3
DA:43,0
DA:47,1
DA:48,1
DA:49,0
DA:53,1
DA:55,1
DA:61,1
DA:62,0
DA:63,0
DA:65,0
DA:66,0
DA:70,0
DA:71,0
DA:72,0
DA:76,0
DA:77,0
DA:78,0
DA:85,0
DA:87,0
DA:88,0
DA:89,0
DA:92,0
DA:93,0
DA:94,0
DA:98,0
DA:99,0
DA:104,0
DA:107,0
DA:113,0
DA:115,0
DA:116,0
DA:117,1
DA:118,0
DA:121,1
DA:128,0
DA:129,0
DA:130,0
DA:133,0
DA:134,0
DA:135,0
DA:137,0
LF:50
LH:15
BRDA:26,0,0,0
BRDA:26,0,1,3
BRDA:29,1,0,1
BRDA:29,1,1,2
BRDA:32,2,0,1
BRDA:32,2,1,1
BRDA:37,3,0,1
BRDA:37,3,1,0
BRDA:42,4,0,0
BRDA:42,4,1,3
BRDA:48,5,0,0
BRDA:48,5,1,1
BRDA:61,6,0,0
BRDA:61,6,1,1
BRDA:61,7,0,1
BRDA:61,7,1,0
BRDA:62,8,0,0
BRDA:62,8,1,0
BRDA:65,9,0,0
BRDA:65,9,1,0
BRDA:71,10,0,0
BRDA:71,10,1,0
BRDA:77,11,0,0
BRDA:77,11,1,0
BRDA:87,12,0,0
BRDA:87,12,1,0
BRDA:117,13,0,0
BRDA:117,13,1,1
BRDA:117,14,0,1
BRDA:117,14,1,0
BRDA:129,15,0,0
BRDA:129,15,1,0
BRDA:134,16,0,0
BRDA:134,16,1,0
BRDA:134,17,0,0
BRDA:134,17,1,0
BRF:36
BRH:12
end_of_record
TN:
SF:src\tools\edit_node.ts
FN:22,editNode
FNF:1
FNH:1
FNDA:4,editNode
DA:23,4
DA:26,4
DA:27,0
DA:29,4
DA:30,0
DA:32,4
DA:33,1
DA:37,3
DA:38,0
DA:42,3
DA:43,3
DA:44,0
DA:48,3
DA:49,3
DA:50,1
DA:54,2
DA:55,2
DA:56,2
DA:58,2
DA:59,3
DA:61,1
DA:62,1
DA:63,1
DA:67,2
DA:68,2
DA:69,2
DA:70,0
DA:72,2
DA:78,2
DA:81,2
DA:84,2
DA:85,2
DA:86,2
DA:88,2
LF:34
LH:29
BRDA:26,0,0,0
BRDA:26,0,1,4
BRDA:26,1,0,4
BRDA:26,1,1,4
BRDA:29,2,0,0
BRDA:29,2,1,4
BRDA:32,3,0,1
BRDA:32,3,1,3
BRDA:32,4,0,4
BRDA:32,4,1,4
BRDA:37,5,0,0
BRDA:37,5,1,3
BRDA:43,6,0,0
BRDA:43,6,1,3
BRDA:49,7,0,1
BRDA:49,7,1,2
BRDA:59,8,0,1
BRDA:59,8,1,2
BRDA:59,9,0,3
BRDA:59,9,1,2
BRDA:61,10,0,1
BRDA:61,10,1,0
BRDA:69,11,0,0
BRDA:69,11,1,2
BRDA:84,12,0,0
BRDA:84,12,1,2
BRDA:85,13,0,1
BRDA:85,13,1,1
BRDA:86,14,0,1
BRDA:86,14,1,1
BRF:30
BRH:23
end_of_record
TN:
SF:src\tools\list_scenes.ts
FN:10,findTscnFiles
FN:36,getFileInfo
FN:45,listScenes
FN:59,(anonymous_3)
FNF:4
FNH:4
FNDA:5,findTscnFiles
FNDA:1,getFileInfo
FNDA:3,listScenes
FNDA:1,(anonymous_3)
DA:11,5
DA:12,5
DA:14,5
DA:15,4
DA:16,4
DA:18,4
DA:20,3
DA:21,0
DA:23,3
DA:24,1
DA:25,1
DA:30,0
DA:33,5
DA:37,1
DA:38,1
DA:47,3
DA:48,1
DA:51,2
DA:52,0
DA:56,2
DA:59,2
DA:61,2
LF:22
LH:19
BRDA:10,0,0,5
BRDA:18,1,0,3
BRDA:18,1,1,1
BRDA:20,2,0,0
BRDA:20,2,1,3
BRDA:20,3,0,3
BRDA:20,3,1,3
BRDA:20,3,2,3
BRDA:24,4,0,1
BRDA:24,4,1,0
BRDA:47,5,0,1
BRDA:47,5,1,2
BRDA:51,6,0,0
BRDA:51,6,1,2
BRF:14
BRH:11
end_of_record
TN:
SF:src\tools\read_scene.ts
FN:23,readScene
FN:74,countNodes
FN:83,flattenNodes
FNF:3
FNH:3
FNDA:5,readScene
FNDA:8,countNodes
FNDA:8,flattenNodes
DA:24,5
DA:26,5
DA:27,3
DA:34,2
DA:35,0
DA:42,2
DA:45,2
DA:48,2
DA:49,2
DA:50,2
DA:53,2
DA:67,0
DA:75,8
DA:76,8
DA:77,8
DA:78,6
DA:80,8
DA:87,8
DA:92,8
DA:93,6
LF:20
LH:18
BRDA:26,0,0,3
BRDA:26,0,1,2
BRDA:34,1,0,0
BRDA:34,1,1,2
BRDA:49,2,0,2
BRDA:49,2,1,0
BRDA:69,3,0,0
BRDA:69,3,1,0
BRDA:75,4,0,0
BRDA:75,4,1,8
BRF:10
BRH:5
end_of_record
TN:
SF:src\tools\read_script.ts
FN:12,readScript
FNF:1
FNH:1
FNDA:2,readScript
DA:13,2
DA:15,2
DA:16,0
DA:19,2
DA:20,1
DA:23,1
DA:24,1
DA:27,0
DA:28,0
DA:30,0
LF:10
LH:6
BRDA:15,0,0,0
BRDA:15,0,1,2
BRDA:19,1,0,1
BRDA:19,1,1,1
BRDA:23,2,0,1
BRDA:23,2,1,0
BRF:6
BRH:4
end_of_record
TN:
SF:src\tools\run_project.ts
FN:19,runGodotProject
FNF:1
FNH:0
FNDA:0,runGodotProject
DA:20,0
DA:22,0
DA:23,0
DA:26,0
DA:27,0
DA:30,0
DA:31,0
DA:36,0
DA:43,0
DA:44,0
DA:52,0
DA:53,0
DA:55,0
DA:56,0
DA:59,0
LF:15
LH:0
BRDA:20,0,0,0
BRDA:22,1,0,0
BRDA:22,1,1,0
BRDA:26,2,0,0
BRDA:26,2,1,0
BRDA:30,3,0,0
BRDA:30,3,1,0
BRDA:43,4,0,0
BRDA:43,4,1,0
BRDA:49,5,0,0
BRDA:49,5,1,0
BRDA:52,6,0,0
BRDA:52,6,1,0
BRDA:55,7,0,0
BRDA:55,7,1,0
BRF:15
BRH:0
end_of_record
TN:
SF:src\utils\tree-utils.ts
FN:7,findNodeInTree
FN:25,getNodePath
FN:45,countNodes
FN:57,flattenNodes
FN:72,isValidNodeType
FNF:5
FNH:4
FNDA:30,findNodeInTree
FNDA:0,getNodePath
FNDA:6,countNodes
FNDA:5,flattenNodes
FNDA:10,isValidNodeType
DA:11,30
DA:12,23
DA:13,18
DA:14,18
DA:16,15
DA:30,0
DA:32,0
DA:34,0
DA:35,0
DA:36,0
DA:37,0
DA:39,0
DA:46,6
DA:47,5
DA:48,5
DA:49,4
DA:51,5
DA:61,5
DA:62,5
DA:63,5
DA:64,4
DA:66,5
DA:73,10
DA:94,10
LF:24
LH:17
BRDA:11,0,0,7
BRDA:11,0,1,23
BRDA:14,1,0,8
BRDA:14,1,1,10
BRDA:28,2,0,0
BRDA:30,3,0,0
BRDA:30,3,1,0
BRDA:35,4,0,0
BRDA:35,4,1,0
BRDA:37,5,0,0
BRDA:37,5,1,0
BRDA:46,6,0,1
BRDA:46,6,1,5
BRDA:59,7,0,5
BRF:14
BRH:7
end_of_record
TN:
SF:src\writers\tscn-writer.ts
FN:23,sceneToTscn
FN:73,writeNode
FN:128,sceneToHeader
FN:141,extResourceToBlock
FN:148,subResourceToBlock
FN:155,connectionToBlock
FN:177,valueToString
FN:210,(anonymous_7)
FN:216,(anonymous_8)
FN:229,writeSceneToFile
FN:248,createEmptyScene
FN:274,generateUid
FNF:12
FNH:9
FNDA:13,sceneToTscn
FNDA:25,writeNode
FNDA:13,sceneToHeader
FNDA:1,extResourceToBlock
FNDA:0,subResourceToBlock
FNDA:1,connectionToBlock
FNDA:11,valueToString
FNDA:0,(anonymous_7)
FNDA:0,(anonymous_8)
FNDA:6,writeSceneToFile
FNDA:11,createEmptyScene
FNDA:11,generateUid
DA:27,13
DA:30,13
DA:33,13
DA:36,13
DA:37,1
DA:40,13
DA:41,1
DA:45,13
DA:46,0
DA:48,0
DA:49,0
DA:51,0
DA:55,13
DA:56,13
DA:60,13
DA:61,1
DA:62,1
DA:63,1
DA:67,13
DA:79,25
DA:81,25
DA:83,13
DA:84,12
DA:86,7
DA:90,5
DA:94,25
DA:95,25
DA:98,25
DA:99,11
DA:103,25
DA:109,12
DA:110,7
DA:111,5
DA:112,5
DA:114,0
DA:116,12
DA:120,25
DA:121,12
DA:129,13
DA:131,13
DA:132,12
DA:135,13
DA:142,1
DA:149,0
DA:156,1
DA:163,1
DA:164,1
DA:167,1
DA:168,0
DA:171,1
DA:178,11
DA:179,0
DA:182,11
DA:183,0
DA:186,11
DA:188,3
DA:189,3
DA:192,0
DA:193,0
DA:196,8
DA:198,8
DA:199,1
DA:202,7
DA:203,0
DA:206,7
DA:209,0
DA:210,0
DA:211,0
DA:214,0
DA:216,0
DA:217,0
DA:219,0
DA:223,0
DA:234,6
DA:237,6
DA:238,6
DA:239,0
DA:242,6
DA:252,11
DA:275,11
DA:276,11
DA:277,11
DA:278,176
DA:280,11
LF:84
LH:63
BRDA:25,0,0,13
BRDA:40,1,0,1
BRDA:40,1,1,12
BRDA:55,2,0,13
BRDA:55,2,1,0
BRDA:60,3,0,1
BRDA:60,3,1,12
BRDA:81,4,0,13
BRDA:81,4,1,12
BRDA:84,5,0,7
BRDA:84,5,1,5
BRDA:109,6,0,7
BRDA:109,6,1,5
BRDA:111,7,0,5
BRDA:111,7,1,0
BRDA:120,8,0,12
BRDA:120,8,1,13
BRDA:120,9,0,25
BRDA:120,9,1,16
BRDA:131,10,0,12
BRDA:131,10,1,1
BRDA:163,11,0,1
BRDA:163,11,1,0
BRDA:167,12,0,0
BRDA:167,12,1,1
BRDA:167,13,0,1
BRDA:167,13,1,0
BRDA:178,14,0,0
BRDA:178,14,1,11
BRDA:178,15,0,11
BRDA:178,15,1,11
BRDA:182,16,0,0
BRDA:182,16,1,11
BRDA:183,17,0,0
BRDA:183,17,1,0
BRDA:186,18,0,3
BRDA:186,18,1,8
BRDA:188,19,0,3
BRDA:188,19,1,0
BRDA:193,20,0,0
BRDA:193,20,1,0
BRDA:196,21,0,8
BRDA:196,21,1,0
BRDA:198,22,0,1
BRDA:198,22,1,7
BRDA:198,23,0,8
BRDA:198,23,1,7
BRDA:202,24,0,0
BRDA:202,24,1,7
BRDA:209,25,0,0
BRDA:209,25,1,0
BRDA:214,26,0,0
BRDA:214,26,1,0
BRDA:238,27,0,0
BRDA:238,27,1,6
BRF:55
BRH:36
end_of_record
